<?xml version="1.0" encoding="UTF-8"?>
<testsuite xmlns:xsi="http://www.w3.org/2001/XMLSchema-instance" xsi:noNamespaceSchemaLocation="https://maven.apache.org/surefire/maven-surefire-plugin/xsd/surefire-test-report-3.0.xsd" version="3.0" name="com.kou5321.jobPortalWebsite.JobPortalWebsiteApplicationTests" time="4.909" tests="1" errors="0" skipped="0" failures="0">
  <properties>
[...]
</properties>
  <testcase name="contextLoads" classname="com.kou5321.jobPortalWebsite.JobPortalWebsiteApplicationTests" time="0.367">
    <system-out><![CDATA[16:45:45.323 [main] INFO org.springframework.test.context.support.AnnotationConfigContextLoaderUtils -- Could not detect default configuration classes for test class [com.kou5321.jobPortalWebsite.JobPortalWebsiteApplicationTests]: JobPortalWebsiteApplicationTests does not declare any static, non-private, non-final, nested classes annotated with @Configuration.
16:45:45.432 [main] INFO org.springframework.boot.test.context.SpringBootTestContextBootstrapper -- Found @SpringBootConfiguration com.kou5321.jobPortalWebsite.JobPortalWebsiteApplication for test class com.kou5321.jobPortalWebsite.JobPortalWebsiteApplicationTests

  .   ____          _            __ _ _
 /\\ / ___'_ __ _ _(_)_ __  __ _ \ \ \ \
( ( )\___ | '_ | '_| | '_ \/ _` | \ \ \ \
 \\/  ___)| |_)| | | | | || (_| |  ) ) ) )
  '  |____| .__|_| |_|_| |_\__, | / / / /
 =========|_|==============|___/=/_/_/_/
 :: Spring Boot ::                (v3.1.5)

2024-07-11T16:45:45.748-04:00  INFO 56265 --- [           main] c.k.j.JobPortalWebsiteApplicationTests   : Starting JobPortalWebsiteApplicationTests using Java 21.0.1 with PID 56265 (started by ethankou in /Users/ethankou/Documents/JobPortalWebsite-backend)
2024-07-11T16:45:45.749-04:00  INFO 56265 --- [           main] c.k.j.JobPortalWebsiteApplicationTests   : No active profile set, falling back to 1 default profile: "default"
2024-07-11T16:45:46.320-04:00  INFO 56265 --- [           main] .s.d.r.c.RepositoryConfigurationDelegate : Multiple Spring Data modules found, entering strict repository configuration mode
2024-07-11T16:45:46.321-04:00  INFO 56265 --- [           main] .s.d.r.c.RepositoryConfigurationDelegate : Bootstrapping Spring Data JPA repositories in DEFAULT mode.
2024-07-11T16:45:46.346-04:00  INFO 56265 --- [           main] .RepositoryConfigurationExtensionSupport : Spring Data JPA - Could not safely identify store assignment for repository candidate interface com.kou5321.jobPortalWebsite.job.repository.JobPostingRepository; If you want this repository to be a JPA repository, consider annotating your entities with one of these annotations: jakarta.persistence.Entity, jakarta.persistence.MappedSuperclass (preferred), or consider extending one of the following types with your repository: org.springframework.data.jpa.repository.JpaRepository
2024-07-11T16:45:46.366-04:00  INFO 56265 --- [           main] .s.d.r.c.RepositoryConfigurationDelegate : Finished Spring Data repository scanning in 40 ms. Found 3 JPA repository interfaces.
2024-07-11T16:45:46.388-04:00  INFO 56265 --- [           main] .s.d.r.c.RepositoryConfigurationDelegate : Multiple Spring Data modules found, entering strict repository configuration mode
2024-07-11T16:45:46.388-04:00  INFO 56265 --- [           main] .s.d.r.c.RepositoryConfigurationDelegate : Bootstrapping Spring Data MongoDB repositories in DEFAULT mode.
2024-07-11T16:45:46.394-04:00  INFO 56265 --- [           main] .RepositoryConfigurationExtensionSupport : Spring Data MongoDB - Could not safely identify store assignment for repository candidate interface com.kou5321.jobPortalWebsite.user.repository.RoleRepository; If you want this repository to be a MongoDB repository, consider annotating your entities with one of these annotations: org.springframework.data.mongodb.core.mapping.Document (preferred), or consider extending one of the following types with your repository: org.springframework.data.mongodb.repository.MongoRepository
2024-07-11T16:45:46.395-04:00  INFO 56265 --- [           main] .RepositoryConfigurationExtensionSupport : Spring Data MongoDB - Could not safely identify store assignment for repository candidate interface com.kou5321.jobPortalWebsite.user.repository.SubscriptionPreferenceRepository; If you want this repository to be a MongoDB repository, consider annotating your entities with one of these annotations: org.springframework.data.mongodb.core.mapping.Document (preferred), or consider extending one of the following types with your repository: org.springframework.data.mongodb.repository.MongoRepository
2024-07-11T16:45:46.395-04:00  INFO 56265 --- [           main] .RepositoryConfigurationExtensionSupport : Spring Data MongoDB - Could not safely identify store assignment for repository candidate interface com.kou5321.jobPortalWebsite.user.repository.UserRepository; If you want this repository to be a MongoDB repository, consider annotating your entities with one of these annotations: org.springframework.data.mongodb.core.mapping.Document (preferred), or consider extending one of the following types with your repository: org.springframework.data.mongodb.repository.MongoRepository
2024-07-11T16:45:46.399-04:00  INFO 56265 --- [           main] .s.d.r.c.RepositoryConfigurationDelegate : Finished Spring Data repository scanning in 10 ms. Found 1 MongoDB repository interfaces.
2024-07-11T16:45:46.769-04:00  INFO 56265 --- [           main] com.zaxxer.hikari.HikariDataSource       : HikariPool-1 - Starting...
2024-07-11T16:45:47.452-04:00  INFO 56265 --- [           main] com.zaxxer.hikari.pool.HikariPool        : HikariPool-1 - Added connection org.postgresql.jdbc.PgConnection@496cc217
2024-07-11T16:45:47.452-04:00  INFO 56265 --- [           main] com.zaxxer.hikari.HikariDataSource       : HikariPool-1 - Start completed.
2024-07-11T16:45:47.483-04:00  INFO 56265 --- [           main] o.hibernate.jpa.internal.util.LogHelper  : HHH000204: Processing PersistenceUnitInfo [name: default]
2024-07-11T16:45:47.517-04:00  INFO 56265 --- [           main] org.hibernate.Version                    : HHH000412: Hibernate ORM core version 6.2.13.Final
2024-07-11T16:45:47.518-04:00  INFO 56265 --- [           main] org.hibernate.cfg.Environment            : HHH000406: Using bytecode reflection optimizer
2024-07-11T16:45:47.665-04:00  INFO 56265 --- [           main] o.s.o.j.p.SpringPersistenceUnitInfo      : No LoadTimeWeaver setup: ignoring JPA class transformer
2024-07-11T16:45:47.730-04:00  WARN 56265 --- [           main] org.hibernate.orm.deprecation            : HHH90000025: PostgreSQLDialect does not need to be specified explicitly using 'hibernate.dialect' (remove the property setting and it will be selected by default)
2024-07-11T16:45:48.319-04:00  INFO 56265 --- [           main] o.h.e.t.j.p.i.JtaPlatformInitiator       : HHH000489: No JTA platform available (set 'hibernate.transaction.jta.platform' to enable JTA platform integration)
2024-07-11T16:45:48.321-04:00  INFO 56265 --- [           main] j.LocalContainerEntityManagerFactoryBean : Initialized JPA EntityManagerFactory for persistence unit 'default'
2024-07-11T16:45:48.485-04:00  INFO 56265 --- [           main] org.mongodb.driver.client                : MongoClient with metadata {"driver": {"name": "mongo-java-driver|sync|spring-boot", "version": "4.9.1"}, "os": {"type": "Darwin", "name": "Mac OS X", "architecture": "aarch64", "version": "13.4"}, "platform": "Java/Oracle Corporation/21.0.1+12-29", "application": {"name": "Cluster1"}} created with settings MongoClientSettings{readPreference=primary, writeConcern=WriteConcern{w=majority, wTimeout=null ms, journal=null}, retryWrites=true, retryReads=true, readConcern=ReadConcern{level=null}, credential=MongoCredential{mechanism=null, userName='root', source='admin', password=<hidden>, mechanismProperties=<hidden>}, streamFactoryFactory=null, commandListeners=[], codecRegistry=ProvidersCodecRegistry{codecProviders=[ValueCodecProvider{}, BsonValueCodecProvider{}, DBRefCodecProvider{}, DBObjectCodecProvider{}, DocumentCodecProvider{}, CollectionCodecProvider{}, IterableCodecProvider{}, MapCodecProvider{}, GeoJsonCodecProvider{}, GridFSFileCodecProvider{}, Jsr310CodecProvider{}, JsonObjectCodecProvider{}, BsonCodecProvider{}, EnumCodecProvider{}, com.mongodb.client.model.mql.ExpressionCodecProvider@5b5a89d1, com.mongodb.Jep395RecordCodecProvider@267b678f]}, loggerSettings=LoggerSettings{maxDocumentLength=1000}, clusterSettings={hosts=[127.0.0.1:27017], srvHost=cluster1.pdynlrj.mongodb.net, srvServiceName=mongodb, mode=MULTIPLE, requiredClusterType=REPLICA_SET, requiredReplicaSetName='atlas-hp7iln-shard-0', serverSelector='null', clusterListeners='[]', serverSelectionTimeout='30000 ms', localThreshold='30000 ms'}, socketSettings=SocketSettings{connectTimeoutMS=10000, readTimeoutMS=0, receiveBufferSize=0, sendBufferSize=0}, heartbeatSocketSettings=SocketSettings{connectTimeoutMS=10000, readTimeoutMS=10000, receiveBufferSize=0, sendBufferSize=0}, connectionPoolSettings=ConnectionPoolSettings{maxSize=100, minSize=0, maxWaitTimeMS=120000, maxConnectionLifeTimeMS=0, maxConnectionIdleTimeMS=0, maintenanceInitialDelayMS=0, maintenanceFrequencyMS=60000, connectionPoolListeners=[], maxConnecting=2}, serverSettings=ServerSettings{heartbeatFrequencyMS=10000, minHeartbeatFrequencyMS=500, serverListeners='[]', serverMonitorListeners='[]'}, sslSettings=SslSettings{enabled=true, invalidHostNameAllowed=false, context=null}, applicationName='Cluster1', compressorList=[], uuidRepresentation=JAVA_LEGACY, serverApi=null, autoEncryptionSettings=null, contextProvider=null}
2024-07-11T16:45:48.596-04:00  INFO 56265 --- [lrj.mongodb.net] org.mongodb.driver.cluster               : Adding discovered server ac-pkcbopz-shard-00-00.pdynlrj.mongodb.net:27017 to client view of cluster
2024-07-11T16:45:48.612-04:00  INFO 56265 --- [lrj.mongodb.net] org.mongodb.driver.cluster               : Adding discovered server ac-pkcbopz-shard-00-01.pdynlrj.mongodb.net:27017 to client view of cluster
2024-07-11T16:45:48.613-04:00  INFO 56265 --- [lrj.mongodb.net] org.mongodb.driver.cluster               : Adding discovered server ac-pkcbopz-shard-00-02.pdynlrj.mongodb.net:27017 to client view of cluster
2024-07-11T16:45:48.957-04:00  INFO 56265 --- [ngodb.net:27017] org.mongodb.driver.cluster               : Monitor thread successfully connected to server with description ServerDescription{address=ac-pkcbopz-shard-00-01.pdynlrj.mongodb.net:27017, type=REPLICA_SET_PRIMARY, state=CONNECTED, ok=true, minWireVersion=0, maxWireVersion=21, maxDocumentSize=16777216, logicalSessionTimeoutMinutes=30, roundTripTimeNanos=172408041, setName='atlas-hp7iln-shard-0', canonicalAddress=ac-pkcbopz-shard-00-01.pdynlrj.mongodb.net:27017, hosts=[ac-pkcbopz-shard-00-00.pdynlrj.mongodb.net:27017, ac-pkcbopz-shard-00-01.pdynlrj.mongodb.net:27017, ac-pkcbopz-shard-00-02.pdynlrj.mongodb.net:27017], passives=[], arbiters=[], primary='ac-pkcbopz-shard-00-01.pdynlrj.mongodb.net:27017', tagSet=TagSet{[Tag{name='availabilityZone', value='use1-az2'}, Tag{name='diskState', value='READY'}, Tag{name='nodeType', value='ELECTABLE'}, Tag{name='provider', value='AWS'}, Tag{name='region', value='US_EAST_1'}, Tag{name='workloadType', value='OPERATIONAL'}]}, electionId=7fffffff0000000000000135, setVersion=16, topologyVersion=TopologyVersion{processId=668c1d7b509ef95d2b2b9610, counter=7}, lastWriteDate=Thu Jul 11 16:45:48 EDT 2024, lastUpdateTimeNanos=604822537123875}
2024-07-11T16:45:48.957-04:00  INFO 56265 --- [ngodb.net:27017] org.mongodb.driver.cluster               : Monitor thread successfully connected to server with description ServerDescription{address=ac-pkcbopz-shard-00-02.pdynlrj.mongodb.net:27017, type=REPLICA_SET_SECONDARY, state=CONNECTED, ok=true, minWireVersion=0, maxWireVersion=21, maxDocumentSize=16777216, logicalSessionTimeoutMinutes=30, roundTripTimeNanos=172505625, setName='atlas-hp7iln-shard-0', canonicalAddress=ac-pkcbopz-shard-00-02.pdynlrj.mongodb.net:27017, hosts=[ac-pkcbopz-shard-00-00.pdynlrj.mongodb.net:27017, ac-pkcbopz-shard-00-01.pdynlrj.mongodb.net:27017, ac-pkcbopz-shard-00-02.pdynlrj.mongodb.net:27017], passives=[], arbiters=[], primary='ac-pkcbopz-shard-00-01.pdynlrj.mongodb.net:27017', tagSet=TagSet{[Tag{name='availabilityZone', value='use1-az5'}, Tag{name='diskState', value='READY'}, Tag{name='nodeType', value='ELECTABLE'}, Tag{name='provider', value='AWS'}, Tag{name='region', value='US_EAST_1'}, Tag{name='workloadType', value='OPERATIONAL'}]}, electionId=null, setVersion=16, topologyVersion=TopologyVersion{processId=668c1dcf376f7a7fa09ea97f, counter=3}, lastWriteDate=Thu Jul 11 16:45:48 EDT 2024, lastUpdateTimeNanos=604822537123875}
2024-07-11T16:45:48.957-04:00  INFO 56265 --- [ngodb.net:27017] org.mongodb.driver.cluster               : Monitor thread successfully connected to server with description ServerDescription{address=ac-pkcbopz-shard-00-00.pdynlrj.mongodb.net:27017, type=REPLICA_SET_SECONDARY, state=CONNECTED, ok=true, minWireVersion=0, maxWireVersion=21, maxDocumentSize=16777216, logicalSessionTimeoutMinutes=30, roundTripTimeNanos=158424916, setName='atlas-hp7iln-shard-0', canonicalAddress=ac-pkcbopz-shard-00-00.pdynlrj.mongodb.net:27017, hosts=[ac-pkcbopz-shard-00-00.pdynlrj.mongodb.net:27017, ac-pkcbopz-shard-00-01.pdynlrj.mongodb.net:27017, ac-pkcbopz-shard-00-02.pdynlrj.mongodb.net:27017], passives=[], arbiters=[], primary='ac-pkcbopz-shard-00-01.pdynlrj.mongodb.net:27017', tagSet=TagSet{[Tag{name='availabilityZone', value='use1-az1'}, Tag{name='diskState', value='READY'}, Tag{name='nodeType', value='ELECTABLE'}, Tag{name='provider', value='AWS'}, Tag{name='region', value='US_EAST_1'}, Tag{name='workloadType', value='OPERATIONAL'}]}, electionId=null, setVersion=16, topologyVersion=TopologyVersion{processId=668c1d29d94d76ecb8fa1cbc, counter=8}, lastWriteDate=Thu Jul 11 16:45:48 EDT 2024, lastUpdateTimeNanos=604822537123875}
2024-07-11T16:45:48.959-04:00  INFO 56265 --- [ngodb.net:27017] org.mongodb.driver.cluster               : Discovered replica set primary ac-pkcbopz-shard-00-01.pdynlrj.mongodb.net:27017 with max election id 7fffffff0000000000000135 and max set version 16
2024-07-11T16:45:48.970-04:00  WARN 56265 --- [           main] JpaBaseConfiguration$JpaWebConfiguration : spring.jpa.open-in-view is enabled by default. Therefore, database queries may be performed during view rendering. Explicitly configure spring.jpa.open-in-view to disable this warning
2024-07-11T16:45:49.387-04:00  INFO 56265 --- [           main] o.s.s.web.DefaultSecurityFilterChain     : Will secure any request with [org.springframework.security.web.session.DisableEncodeUrlFilter@3f2bf80d, org.springframework.web.filter.CorsFilter@73ab649f, org.springframework.security.web.context.request.async.WebAsyncManagerIntegrationFilter@6cb5a64d, org.springframework.security.web.context.SecurityContextHolderFilter@31a9eaa, org.springframework.security.web.header.HeaderWriterFilter@54dc163a, org.springframework.security.web.authentication.logout.LogoutFilter@9423344, com.kou5321.jobPortalWebsite.security.JwtTokenFilter@6c4eccd2, org.springframework.security.web.authentication.UsernamePasswordAuthenticationFilter@68fec965, org.springframework.security.web.authentication.ui.DefaultLoginPageGeneratingFilter@65011123, org.springframework.security.web.authentication.ui.DefaultLogoutPageGeneratingFilter@729eef5f, org.springframework.security.web.savedrequest.RequestCacheAwareFilter@67c912d3, org.springframework.security.web.servletapi.SecurityContextHolderAwareRequestFilter@395854dd, org.springframework.security.web.authentication.AnonymousAuthenticationFilter@264c9994, org.springframework.security.web.session.SessionManagementFilter@456beb8b, org.springframework.security.web.access.ExceptionTranslationFilter@611ffa8d, org.springframework.security.web.access.intercept.AuthorizationFilter@17a89cb1]
2024-07-11T16:45:49.552-04:00  INFO 56265 --- [           main] o.s.b.a.w.s.WelcomePageHandlerMapping    : Adding welcome page: class path resource [static/index.html]
2024-07-11T16:45:49.721-04:00  INFO 56265 --- [           main] c.k.j.JobPortalWebsiteApplicationTests   : Started JobPortalWebsiteApplicationTests in 4.16 seconds (process running for 5.247)
]]></system-out>
    <system-err><![CDATA[WARNING: A Java agent has been loaded dynamically (/Users/ethankou/.m2/repository/net/bytebuddy/byte-buddy-agent/1.14.9/byte-buddy-agent-1.14.9.jar)
WARNING: If a serviceability tool is in use, please run with -XX:+EnableDynamicAgentLoading to hide this warning
WARNING: If a serviceability tool is not in use, please run with -Djdk.instrument.traceUsage for more information
WARNING: Dynamic loading of agents will be disallowed by default in a future release
]]></system-err>
  </testcase>
</testsuite>