<?xml version="1.0" encoding="UTF-8"?>
<testsuite xmlns:xsi="http://www.w3.org/2001/XMLSchema-instance" xsi:noNamespaceSchemaLocation="https://maven.apache.org/surefire/maven-surefire-plugin/xsd/surefire-test-report-3.0.xsd" version="3.0" name="com.kou5321.jobPortalWebsite.JobPortalWebsiteApplicationTests" time="17.663" tests="1" errors="0" skipped="0" failures="0">
  <properties>
[...]
</properties>
  <testcase name="contextLoads" classname="com.kou5321.jobPortalWebsite.JobPortalWebsiteApplicationTests" time="0.58">
    <system-out><![CDATA[10:55:45.042 [main] INFO org.springframework.test.context.support.AnnotationConfigContextLoaderUtils -- Could not detect default configuration classes for test class [com.kou5321.jobPortalWebsite.JobPortalWebsiteApplicationTests]: JobPortalWebsiteApplicationTests does not declare any static, non-private, non-final, nested classes annotated with @Configuration.
10:55:45.154 [main] INFO org.springframework.boot.test.context.SpringBootTestContextBootstrapper -- Found @SpringBootConfiguration com.kou5321.jobPortalWebsite.JobPortalWebsiteApplication for test class com.kou5321.jobPortalWebsite.JobPortalWebsiteApplicationTests

  .   ____          _            __ _ _
 /\\ / ___'_ __ _ _(_)_ __  __ _ \ \ \ \
( ( )\___ | '_ | '_| | '_ \/ _` | \ \ \ \
 \\/  ___)| |_)| | | | | || (_| |  ) ) ) )
  '  |____| .__|_| |_|_| |_\__, | / / / /
 =========|_|==============|___/=/_/_/_/
 :: Spring Boot ::                (v3.1.5)

2023-11-30T10:55:45.590-05:00  INFO 10717 --- [           main] c.k.j.JobPortalWebsiteApplicationTests   : Starting JobPortalWebsiteApplicationTests using Java 21.0.1 with PID 10717 (started by ykou in /Users/ykou/Downloads/AMESFinalProj)
2023-11-30T10:55:45.591-05:00  INFO 10717 --- [           main] c.k.j.JobPortalWebsiteApplicationTests   : No active profile set, falling back to 1 default profile: "default"
2023-11-30T10:55:46.445-05:00  INFO 10717 --- [           main] .s.d.r.c.RepositoryConfigurationDelegate : Multiple Spring Data modules found, entering strict repository configuration mode
2023-11-30T10:55:46.446-05:00  INFO 10717 --- [           main] .s.d.r.c.RepositoryConfigurationDelegate : Bootstrapping Spring Data JPA repositories in DEFAULT mode.
2023-11-30T10:55:46.483-05:00  INFO 10717 --- [           main] .RepositoryConfigurationExtensionSupport : Spring Data JPA - Could not safely identify store assignment for repository candidate interface com.kou5321.jobPortalWebsite.job.repository.JobPostingRepository; If you want this repository to be a JPA repository, consider annotating your entities with one of these annotations: jakarta.persistence.Entity, jakarta.persistence.MappedSuperclass (preferred), or consider extending one of the following types with your repository: org.springframework.data.jpa.repository.JpaRepository
2023-11-30T10:55:46.517-05:00  INFO 10717 --- [           main] .s.d.r.c.RepositoryConfigurationDelegate : Finished Spring Data repository scanning in 64 ms. Found 3 JPA repository interfaces.
2023-11-30T10:55:46.548-05:00  INFO 10717 --- [           main] .s.d.r.c.RepositoryConfigurationDelegate : Multiple Spring Data modules found, entering strict repository configuration mode
2023-11-30T10:55:46.549-05:00  INFO 10717 --- [           main] .s.d.r.c.RepositoryConfigurationDelegate : Bootstrapping Spring Data MongoDB repositories in DEFAULT mode.
2023-11-30T10:55:46.559-05:00  INFO 10717 --- [           main] .RepositoryConfigurationExtensionSupport : Spring Data MongoDB - Could not safely identify store assignment for repository candidate interface com.kou5321.jobPortalWebsite.user.repository.RoleRepository; If you want this repository to be a MongoDB repository, consider annotating your entities with one of these annotations: org.springframework.data.mongodb.core.mapping.Document (preferred), or consider extending one of the following types with your repository: org.springframework.data.mongodb.repository.MongoRepository
2023-11-30T10:55:46.560-05:00  INFO 10717 --- [           main] .RepositoryConfigurationExtensionSupport : Spring Data MongoDB - Could not safely identify store assignment for repository candidate interface com.kou5321.jobPortalWebsite.user.repository.SubscriptionPreferenceRepository; If you want this repository to be a MongoDB repository, consider annotating your entities with one of these annotations: org.springframework.data.mongodb.core.mapping.Document (preferred), or consider extending one of the following types with your repository: org.springframework.data.mongodb.repository.MongoRepository
2023-11-30T10:55:46.561-05:00  INFO 10717 --- [           main] .RepositoryConfigurationExtensionSupport : Spring Data MongoDB - Could not safely identify store assignment for repository candidate interface com.kou5321.jobPortalWebsite.user.repository.UserRepository; If you want this repository to be a MongoDB repository, consider annotating your entities with one of these annotations: org.springframework.data.mongodb.core.mapping.Document (preferred), or consider extending one of the following types with your repository: org.springframework.data.mongodb.repository.MongoRepository
2023-11-30T10:55:46.571-05:00  INFO 10717 --- [           main] .s.d.r.c.RepositoryConfigurationDelegate : Finished Spring Data repository scanning in 22 ms. Found 1 MongoDB repository interfaces.
2023-11-30T10:55:47.075-05:00  INFO 10717 --- [           main] com.zaxxer.hikari.HikariDataSource       : HikariPool-1 - Starting...
2023-11-30T10:55:58.629-05:00  INFO 10717 --- [           main] com.zaxxer.hikari.pool.HikariPool        : HikariPool-1 - Added connection org.postgresql.jdbc.PgConnection@67b61834
2023-11-30T10:55:58.630-05:00  INFO 10717 --- [           main] com.zaxxer.hikari.HikariDataSource       : HikariPool-1 - Start completed.
2023-11-30T10:55:58.672-05:00  INFO 10717 --- [           main] o.hibernate.jpa.internal.util.LogHelper  : HHH000204: Processing PersistenceUnitInfo [name: default]
2023-11-30T10:55:58.715-05:00  INFO 10717 --- [           main] org.hibernate.Version                    : HHH000412: Hibernate ORM core version 6.2.13.Final
2023-11-30T10:55:58.717-05:00  INFO 10717 --- [           main] org.hibernate.cfg.Environment            : HHH000406: Using bytecode reflection optimizer
2023-11-30T10:55:58.972-05:00  INFO 10717 --- [           main] o.s.o.j.p.SpringPersistenceUnitInfo      : No LoadTimeWeaver setup: ignoring JPA class transformer
2023-11-30T10:55:59.063-05:00  WARN 10717 --- [           main] org.hibernate.orm.deprecation            : HHH90000025: PostgreSQLDialect does not need to be specified explicitly using 'hibernate.dialect' (remove the property setting and it will be selected by default)
2023-11-30T10:56:00.039-05:00  INFO 10717 --- [           main] o.h.e.t.j.p.i.JtaPlatformInitiator       : HHH000489: No JTA platform available (set 'hibernate.transaction.jta.platform' to enable JTA platform integration)
2023-11-30T10:56:00.042-05:00  INFO 10717 --- [           main] j.LocalContainerEntityManagerFactoryBean : Initialized JPA EntityManagerFactory for persistence unit 'default'
2023-11-30T10:56:00.211-05:00  INFO 10717 --- [           main] org.mongodb.driver.client                : MongoClient with metadata {"driver": {"name": "mongo-java-driver|sync|spring-boot", "version": "4.9.1"}, "os": {"type": "Darwin", "name": "Mac OS X", "architecture": "x86_64", "version": "13.5.1"}, "platform": "Java/Oracle Corporation/21.0.1+12-29"} created with settings MongoClientSettings{readPreference=primary, writeConcern=WriteConcern{w=majority, wTimeout=null ms, journal=null}, retryWrites=true, retryReads=true, readConcern=ReadConcern{level=null}, credential=MongoCredential{mechanism=null, userName='root', source='admin', password=<hidden>, mechanismProperties=<hidden>}, streamFactoryFactory=null, commandListeners=[], codecRegistry=ProvidersCodecRegistry{codecProviders=[ValueCodecProvider{}, BsonValueCodecProvider{}, DBRefCodecProvider{}, DBObjectCodecProvider{}, DocumentCodecProvider{}, CollectionCodecProvider{}, IterableCodecProvider{}, MapCodecProvider{}, GeoJsonCodecProvider{}, GridFSFileCodecProvider{}, Jsr310CodecProvider{}, JsonObjectCodecProvider{}, BsonCodecProvider{}, EnumCodecProvider{}, com.mongodb.client.model.mql.ExpressionCodecProvider@14ee143a, com.mongodb.Jep395RecordCodecProvider@78324e97]}, loggerSettings=LoggerSettings{maxDocumentLength=1000}, clusterSettings={hosts=[127.0.0.1:27017], srvHost=kou5321.04flsjh.mongodb.net, srvServiceName=mongodb, mode=MULTIPLE, requiredClusterType=REPLICA_SET, requiredReplicaSetName='atlas-1117gu-shard-0', serverSelector='null', clusterListeners='[]', serverSelectionTimeout='30000 ms', localThreshold='30000 ms'}, socketSettings=SocketSettings{connectTimeoutMS=10000, readTimeoutMS=0, receiveBufferSize=0, sendBufferSize=0}, heartbeatSocketSettings=SocketSettings{connectTimeoutMS=10000, readTimeoutMS=10000, receiveBufferSize=0, sendBufferSize=0}, connectionPoolSettings=ConnectionPoolSettings{maxSize=100, minSize=0, maxWaitTimeMS=120000, maxConnectionLifeTimeMS=0, maxConnectionIdleTimeMS=0, maintenanceInitialDelayMS=0, maintenanceFrequencyMS=60000, connectionPoolListeners=[], maxConnecting=2}, serverSettings=ServerSettings{heartbeatFrequencyMS=10000, minHeartbeatFrequencyMS=500, serverListeners='[]', serverMonitorListeners='[]'}, sslSettings=SslSettings{enabled=true, invalidHostNameAllowed=false, context=null}, applicationName='null', compressorList=[], uuidRepresentation=JAVA_LEGACY, serverApi=null, autoEncryptionSettings=null, contextProvider=null}
2023-11-30T10:56:00.330-05:00  INFO 10717 --- [sjh.mongodb.net] org.mongodb.driver.cluster               : Adding discovered server ac-qhl7i3j-shard-00-02.04flsjh.mongodb.net:27017 to client view of cluster
2023-11-30T10:56:00.373-05:00  INFO 10717 --- [sjh.mongodb.net] org.mongodb.driver.cluster               : Adding discovered server ac-qhl7i3j-shard-00-01.04flsjh.mongodb.net:27017 to client view of cluster
2023-11-30T10:56:00.384-05:00  INFO 10717 --- [sjh.mongodb.net] org.mongodb.driver.cluster               : Adding discovered server ac-qhl7i3j-shard-00-00.04flsjh.mongodb.net:27017 to client view of cluster
2023-11-30T10:56:00.632-05:00  INFO 10717 --- [ngodb.net:27017] org.mongodb.driver.cluster               : Monitor thread successfully connected to server with description ServerDescription{address=ac-qhl7i3j-shard-00-00.04flsjh.mongodb.net:27017, type=REPLICA_SET_SECONDARY, state=CONNECTED, ok=true, minWireVersion=0, maxWireVersion=17, maxDocumentSize=16777216, logicalSessionTimeoutMinutes=30, roundTripTimeNanos=167196784, setName='atlas-1117gu-shard-0', canonicalAddress=ac-qhl7i3j-shard-00-00.04flsjh.mongodb.net:27017, hosts=[ac-qhl7i3j-shard-00-00.04flsjh.mongodb.net:27017, ac-qhl7i3j-shard-00-01.04flsjh.mongodb.net:27017, ac-qhl7i3j-shard-00-02.04flsjh.mongodb.net:27017], passives=[], arbiters=[], primary='ac-qhl7i3j-shard-00-02.04flsjh.mongodb.net:27017', tagSet=TagSet{[Tag{name='availabilityZone', value='use1-az4'}, Tag{name='nodeType', value='ELECTABLE'}, Tag{name='provider', value='AWS'}, Tag{name='region', value='US_EAST_1'}, Tag{name='workloadType', value='OPERATIONAL'}]}, electionId=null, setVersion=33, topologyVersion=TopologyVersion{processId=65674d1dc40cd234274b5818, counter=4}, lastWriteDate=Thu Nov 30 10:56:00 EST 2023, lastUpdateTimeNanos=69292562766044}
2023-11-30T10:56:00.634-05:00  INFO 10717 --- [ngodb.net:27017] org.mongodb.driver.cluster               : Monitor thread successfully connected to server with description ServerDescription{address=ac-qhl7i3j-shard-00-02.04flsjh.mongodb.net:27017, type=REPLICA_SET_PRIMARY, state=CONNECTED, ok=true, minWireVersion=0, maxWireVersion=17, maxDocumentSize=16777216, logicalSessionTimeoutMinutes=30, roundTripTimeNanos=168493781, setName='atlas-1117gu-shard-0', canonicalAddress=ac-qhl7i3j-shard-00-02.04flsjh.mongodb.net:27017, hosts=[ac-qhl7i3j-shard-00-00.04flsjh.mongodb.net:27017, ac-qhl7i3j-shard-00-01.04flsjh.mongodb.net:27017, ac-qhl7i3j-shard-00-02.04flsjh.mongodb.net:27017], passives=[], arbiters=[], primary='ac-qhl7i3j-shard-00-02.04flsjh.mongodb.net:27017', tagSet=TagSet{[Tag{name='availabilityZone', value='use1-az1'}, Tag{name='nodeType', value='ELECTABLE'}, Tag{name='provider', value='AWS'}, Tag{name='region', value='US_EAST_1'}, Tag{name='workloadType', value='OPERATIONAL'}]}, electionId=7fffffff00000000000001e4, setVersion=33, topologyVersion=TopologyVersion{processId=65674e2bc029884f217105fb, counter=6}, lastWriteDate=Thu Nov 30 10:56:00 EST 2023, lastUpdateTimeNanos=69292564338339}
2023-11-30T10:56:00.637-05:00  INFO 10717 --- [ngodb.net:27017] org.mongodb.driver.cluster               : Monitor thread successfully connected to server with description ServerDescription{address=ac-qhl7i3j-shard-00-01.04flsjh.mongodb.net:27017, type=REPLICA_SET_SECONDARY, state=CONNECTED, ok=true, minWireVersion=0, maxWireVersion=17, maxDocumentSize=16777216, logicalSessionTimeoutMinutes=30, roundTripTimeNanos=168549441, setName='atlas-1117gu-shard-0', canonicalAddress=ac-qhl7i3j-shard-00-01.04flsjh.mongodb.net:27017, hosts=[ac-qhl7i3j-shard-00-00.04flsjh.mongodb.net:27017, ac-qhl7i3j-shard-00-01.04flsjh.mongodb.net:27017, ac-qhl7i3j-shard-00-02.04flsjh.mongodb.net:27017], passives=[], arbiters=[], primary='ac-qhl7i3j-shard-00-02.04flsjh.mongodb.net:27017', tagSet=TagSet{[Tag{name='availabilityZone', value='use1-az6'}, Tag{name='nodeType', value='ELECTABLE'}, Tag{name='provider', value='AWS'}, Tag{name='region', value='US_EAST_1'}, Tag{name='workloadType', value='OPERATIONAL'}]}, electionId=null, setVersion=33, topologyVersion=TopologyVersion{processId=65674f369bcd488fbcbf2efb, counter=3}, lastWriteDate=Thu Nov 30 10:56:00 EST 2023, lastUpdateTimeNanos=69292564417243}
2023-11-30T10:56:00.638-05:00  INFO 10717 --- [ngodb.net:27017] org.mongodb.driver.cluster               : Discovered replica set primary ac-qhl7i3j-shard-00-02.04flsjh.mongodb.net:27017 with max election id 7fffffff00000000000001e4 and max set version 33
2023-11-30T10:56:01.017-05:00  WARN 10717 --- [           main] JpaBaseConfiguration$JpaWebConfiguration : spring.jpa.open-in-view is enabled by default. Therefore, database queries may be performed during view rendering. Explicitly configure spring.jpa.open-in-view to disable this warning
2023-11-30T10:56:01.393-05:00  INFO 10717 --- [           main] o.s.s.web.DefaultSecurityFilterChain     : Will secure any request with [org.springframework.security.web.session.DisableEncodeUrlFilter@221961f2, org.springframework.web.filter.CorsFilter@1c10eb3a, org.springframework.security.web.context.request.async.WebAsyncManagerIntegrationFilter@541d8a9e, org.springframework.security.web.context.SecurityContextHolderFilter@fcae085, org.springframework.security.web.header.HeaderWriterFilter@55854382, org.springframework.security.web.authentication.logout.LogoutFilter@1f50fe84, com.kou5321.jobPortalWebsite.security.JwtTokenFilter@31d09031, org.springframework.security.web.authentication.UsernamePasswordAuthenticationFilter@653c0c9c, org.springframework.security.web.authentication.ui.DefaultLoginPageGeneratingFilter@36299b83, org.springframework.security.web.authentication.ui.DefaultLogoutPageGeneratingFilter@51c0346d, org.springframework.security.web.savedrequest.RequestCacheAwareFilter@6f404bc6, org.springframework.security.web.servletapi.SecurityContextHolderAwareRequestFilter@1f4d9c7f, org.springframework.security.web.authentication.AnonymousAuthenticationFilter@32cda33c, org.springframework.security.web.session.SessionManagementFilter@4d6f951a, org.springframework.security.web.access.ExceptionTranslationFilter@2f6ede9, org.springframework.security.web.access.intercept.AuthorizationFilter@2e1b1d22]
2023-11-30T10:56:01.892-05:00  INFO 10717 --- [           main] c.k.j.JobPortalWebsiteApplicationTests   : Started JobPortalWebsiteApplicationTests in 16.602 seconds (process running for 17.58)
]]></system-out>
    <system-err><![CDATA[WARNING: A Java agent has been loaded dynamically (/Users/ykou/.m2/repository/net/bytebuddy/byte-buddy-agent/1.14.9/byte-buddy-agent-1.14.9.jar)
WARNING: If a serviceability tool is in use, please run with -XX:+EnableDynamicAgentLoading to hide this warning
WARNING: If a serviceability tool is not in use, please run with -Djdk.instrument.traceUsage for more information
WARNING: Dynamic loading of agents will be disallowed by default in a future release
]]></system-err>
  </testcase>
</testsuite>